<?xml version="1.0" encoding="UTF-8"?><testsuite errors="0" failures="1" name="com.gorest.gorestinfo.TagsTest" skipped="0" tests="1" time="15.68" timestamp="2023-01-08T17:12:23.025Z[Europe/London]"><testcase classname="com.gorest.gorestinfo.TagsTest" name="Provide a 404 status code when incorrect HTTP method is used to access resource"><failure message="1 expectation failed.&#10;Expected status code &lt;404&gt; but was &lt;401&gt;.&#10;" type="java.lang.AssertionError">1 expectation failed.
Expected status code &lt;404&gt; but was &lt;401&gt;.
</failure><system-err>1 expectation failed.
Expected status code &lt;404&gt; but was &lt;401&gt;.
&#13;
io.restassured.internal.ResponseSpecificationImpl.validateResponseIfRequired(ResponseSpecificationImpl.groovy:636)&#13;
io.restassured.internal.ResponseSpecificationImpl.statusCode(ResponseSpecificationImpl.groovy:122)&#13;
io.restassured.internal.ResponseSpecificationImpl.statusCode(ResponseSpecificationImpl.groovy:130)&#13;
io.restassured.internal.ValidatableResponseOptionsImpl.statusCode(ValidatableResponseOptionsImpl.java:117)&#13;
com.gorest.gorestinfo.TagsTest.invalidMethod(TagsTest.java:24)&#13;
</system-err></testcase></testsuite>